{"C:\\Users\\Sulma\\Documents\\UNIVERSIDAD 2022\\SEMESTRE 8\\Desarrollo Web\\Node\\app.js": {"path":"C:\\Users\\Sulma\\Documents\\UNIVERSIDAD 2022\\SEMESTRE 8\\Desarrollo Web\\Node\\app.js","statementMap":{"0":{"start":{"line":1,"column":0},"end":{"line":1,"column":26}},"1":{"start":{"line":2,"column":16},"end":{"line":2,"column":34}},"2":{"start":{"line":3,"column":13},"end":{"line":3,"column":28}},"3":{"start":{"line":4,"column":18},"end":{"line":4,"column":47}},"4":{"start":{"line":5,"column":29},"end":{"line":5,"column":54}},"5":{"start":{"line":6,"column":23},"end":{"line":6,"column":48}},"6":{"start":{"line":7,"column":25},"end":{"line":7,"column":50}},"7":{"start":{"line":8,"column":11},"end":{"line":8,"column":20}},"8":{"start":{"line":9,"column":18},"end":{"line":9,"column":39}},"9":{"start":{"line":10,"column":17},"end":{"line":10,"column":53}},"10":{"start":{"line":11,"column":0},"end":{"line":11,"column":15}},"11":{"start":{"line":12,"column":0},"end":{"line":12,"column":23}},"12":{"start":{"line":13,"column":0},"end":{"line":13,"column":34}},"13":{"start":{"line":15,"column":12},"end":{"line":15,"column":36}},"14":{"start":{"line":19,"column":0},"end":{"line":19,"column":81}},"15":{"start":{"line":25,"column":0},"end":{"line":25,"column":35}},"16":{"start":{"line":27,"column":0},"end":{"line":29,"column":1}},"17":{"start":{"line":28,"column":4},"end":{"line":28,"column":21}},"18":{"start":{"line":31,"column":0},"end":{"line":31,"column":63}},"19":{"start":{"line":33,"column":0},"end":{"line":33,"column":20}}},"fnMap":{},"branchMap":{"0":{"loc":{"start":{"line":10,"column":17},"end":{"line":10,"column":53}},"type":"binary-expr","locations":[{"start":{"line":10,"column":17},"end":{"line":10,"column":37}},{"start":{"line":10,"column":40},"end":{"line":10,"column":53}}],"line":10},"1":{"loc":{"start":{"line":15,"column":12},"end":{"line":15,"column":36}},"type":"binary-expr","locations":[{"start":{"line":15,"column":12},"end":{"line":15,"column":28}},{"start":{"line":15,"column":32},"end":{"line":15,"column":36}}],"line":15},"2":{"loc":{"start":{"line":27,"column":0},"end":{"line":29,"column":1}},"type":"if","locations":[{"start":{"line":27,"column":0},"end":{"line":29,"column":1}},{"start":{},"end":{}}],"line":27},"3":{"loc":{"start":{"line":31,"column":0},"end":{"line":31,"column":62}},"type":"cond-expr","locations":[{"start":{"line":31,"column":26},"end":{"line":31,"column":43}},{"start":{"line":31,"column":46},"end":{"line":31,"column":62}}],"line":31}},"s":{"0":3,"1":3,"2":3,"3":3,"4":3,"5":3,"6":3,"7":3,"8":3,"9":3,"10":3,"11":3,"12":3,"13":3,"14":3,"15":3,"16":3,"17":0,"18":3,"19":3},"f":{},"b":{"0":[3,0],"1":[3,0],"2":[0,3],"3":[3,0]},"_coverageSchema":"1a1c01bbd47fc00a2c39e90264f33305004495a9","hash":"48114458bb6d26d5eaca5d4f5b958571f68a5599"}
,"C:\\Users\\Sulma\\Documents\\UNIVERSIDAD 2022\\SEMESTRE 8\\Desarrollo Web\\Node\\config\\mongo.js": {"path":"C:\\Users\\Sulma\\Documents\\UNIVERSIDAD 2022\\SEMESTRE 8\\Desarrollo Web\\Node\\config\\mongo.js","statementMap":{"0":{"start":{"line":1,"column":17},"end":{"line":1,"column":36}},"1":{"start":{"line":2,"column":17},"end":{"line":2,"column":37}},"2":{"start":{"line":4,"column":18},"end":{"line":17,"column":1}},"3":{"start":{"line":5,"column":18},"end":{"line":5,"column":84}},"4":{"start":{"line":6,"column":4},"end":{"line":16,"column":7}},"5":{"start":{"line":11,"column":8},"end":{"line":15,"column":9}},"6":{"start":{"line":12,"column":12},"end":{"line":12,"column":55}},"7":{"start":{"line":14,"column":12},"end":{"line":14,"column":55}},"8":{"start":{"line":19,"column":0},"end":{"line":19,"column":26}}},"fnMap":{"0":{"name":"(anonymous_0)","decl":{"start":{"line":4,"column":18},"end":{"line":4,"column":19}},"loc":{"start":{"line":4,"column":24},"end":{"line":17,"column":1}},"line":4},"1":{"name":"(anonymous_1)","decl":{"start":{"line":10,"column":6},"end":{"line":10,"column":7}},"loc":{"start":{"line":10,"column":17},"end":{"line":16,"column":5}},"line":10}},"branchMap":{"0":{"loc":{"start":{"line":5,"column":18},"end":{"line":5,"column":84}},"type":"cond-expr","locations":[{"start":{"line":5,"column":41},"end":{"line":5,"column":64}},{"start":{"line":5,"column":66},"end":{"line":5,"column":84}}],"line":5},"1":{"loc":{"start":{"line":11,"column":8},"end":{"line":15,"column":9}},"type":"if","locations":[{"start":{"line":11,"column":8},"end":{"line":15,"column":9}},{"start":{"line":13,"column":13},"end":{"line":15,"column":9}}],"line":11}},"s":{"0":3,"1":3,"2":3,"3":3,"4":3,"5":3,"6":3,"7":0,"8":3},"f":{"0":3,"1":3},"b":{"0":[3,0],"1":[3,0]},"_coverageSchema":"1a1c01bbd47fc00a2c39e90264f33305004495a9","hash":"ecc99f4d314f1118c022ef9c526ea337edeef39c"}
,"C:\\Users\\Sulma\\Documents\\UNIVERSIDAD 2022\\SEMESTRE 8\\Desarrollo Web\\Node\\config\\mysql.js": {"path":"C:\\Users\\Sulma\\Documents\\UNIVERSIDAD 2022\\SEMESTRE 8\\Desarrollo Web\\Node\\config\\mysql.js","statementMap":{"0":{"start":{"line":1,"column":20},"end":{"line":1,"column":40}},"1":{"start":{"line":2,"column":17},"end":{"line":2,"column":37}},"2":{"start":{"line":4,"column":17},"end":{"line":4,"column":97}},"3":{"start":{"line":5,"column":17},"end":{"line":5,"column":39}},"4":{"start":{"line":6,"column":17},"end":{"line":6,"column":43}},"5":{"start":{"line":7,"column":13},"end":{"line":7,"column":35}},"6":{"start":{"line":9,"column":18},"end":{"line":17,"column":1}},"7":{"start":{"line":19,"column":23},"end":{"line":26,"column":1}},"8":{"start":{"line":20,"column":4},"end":{"line":25,"column":5}},"9":{"start":{"line":21,"column":8},"end":{"line":21,"column":39}},"10":{"start":{"line":22,"column":8},"end":{"line":22,"column":37}},"11":{"start":{"line":24,"column":8},"end":{"line":24,"column":38}},"12":{"start":{"line":29,"column":0},"end":{"line":29,"column":45}}},"fnMap":{"0":{"name":"(anonymous_0)","decl":{"start":{"line":19,"column":23},"end":{"line":19,"column":24}},"loc":{"start":{"line":19,"column":35},"end":{"line":26,"column":1}},"line":19}},"branchMap":{"0":{"loc":{"start":{"line":4,"column":17},"end":{"line":4,"column":97}},"type":"cond-expr","locations":[{"start":{"line":4,"column":39},"end":{"line":4,"column":70}},{"start":{"line":4,"column":71},"end":{"line":4,"column":97}}],"line":4}},"s":{"0":3,"1":3,"2":3,"3":3,"4":3,"5":3,"6":3,"7":3,"8":0,"9":0,"10":0,"11":0,"12":3},"f":{"0":0},"b":{"0":[3,0]},"_coverageSchema":"1a1c01bbd47fc00a2c39e90264f33305004495a9","hash":"16b0388a0a8f13f220f8172b143ddf83b015e0c3"}
,"C:\\Users\\Sulma\\Documents\\UNIVERSIDAD 2022\\SEMESTRE 8\\Desarrollo Web\\Node\\controllers\\tracks.js": {"path":"C:\\Users\\Sulma\\Documents\\UNIVERSIDAD 2022\\SEMESTRE 8\\Desarrollo Web\\Node\\controllers\\tracks.js","statementMap":{"0":{"start":{"line":1,"column":21},"end":{"line":1,"column":41}},"1":{"start":{"line":2,"column":27},"end":{"line":2,"column":55}},"2":{"start":{"line":3,"column":28},"end":{"line":3,"column":59}},"3":{"start":{"line":9,"column":17},"end":{"line":18,"column":1}},"4":{"start":{"line":10,"column":4},"end":{"line":17,"column":5}},"5":{"start":{"line":11,"column":21},"end":{"line":11,"column":29}},"6":{"start":{"line":12,"column":21},"end":{"line":12,"column":54}},"7":{"start":{"line":13,"column":8},"end":{"line":13,"column":31}},"8":{"start":{"line":16,"column":8},"end":{"line":16,"column":47}},"9":{"start":{"line":25,"column":15},"end":{"line":36,"column":1}},"10":{"start":{"line":26,"column":3},"end":{"line":35,"column":4}},"11":{"start":{"line":27,"column":4},"end":{"line":27,"column":26}},"12":{"start":{"line":28,"column":16},"end":{"line":28,"column":19}},"13":{"start":{"line":29,"column":17},"end":{"line":29,"column":50}},"14":{"start":{"line":30,"column":4},"end":{"line":30,"column":21}},"15":{"start":{"line":33,"column":4},"end":{"line":33,"column":41}},"16":{"start":{"line":44,"column":18},"end":{"line":54,"column":1}},"17":{"start":{"line":45,"column":4},"end":{"line":52,"column":5}},"18":{"start":{"line":46,"column":21},"end":{"line":46,"column":37}},"19":{"start":{"line":47,"column":21},"end":{"line":47,"column":51}},"20":{"start":{"line":48,"column":8},"end":{"line":48,"column":25}},"21":{"start":{"line":51,"column":8},"end":{"line":51,"column":51}},"22":{"start":{"line":62,"column":17},"end":{"line":73,"column":1}},"23":{"start":{"line":63,"column":4},"end":{"line":72,"column":5}},"24":{"start":{"line":64,"column":30},"end":{"line":64,"column":46}},"25":{"start":{"line":65,"column":21},"end":{"line":67,"column":9}},"26":{"start":{"line":68,"column":8},"end":{"line":68,"column":25}},"27":{"start":{"line":71,"column":8},"end":{"line":71,"column":51}},"28":{"start":{"line":81,"column":17},"end":{"line":96,"column":1}},"29":{"start":{"line":82,"column":4},"end":{"line":95,"column":8}},"30":{"start":{"line":83,"column":8},"end":{"line":83,"column":30}},"31":{"start":{"line":84,"column":20},"end":{"line":84,"column":23}},"32":{"start":{"line":85,"column":26},"end":{"line":85,"column":60}},"33":{"start":{"line":86,"column":19},"end":{"line":89,"column":9}},"34":{"start":{"line":90,"column":8},"end":{"line":90,"column":25}},"35":{"start":{"line":93,"column":8},"end":{"line":93,"column":49}},"36":{"start":{"line":98,"column":0},"end":{"line":98,"column":71}}},"fnMap":{"0":{"name":"(anonymous_0)","decl":{"start":{"line":9,"column":17},"end":{"line":9,"column":18}},"loc":{"start":{"line":9,"column":37},"end":{"line":18,"column":1}},"line":9},"1":{"name":"(anonymous_1)","decl":{"start":{"line":25,"column":15},"end":{"line":25,"column":16}},"loc":{"start":{"line":25,"column":34},"end":{"line":36,"column":1}},"line":25},"2":{"name":"(anonymous_2)","decl":{"start":{"line":44,"column":18},"end":{"line":44,"column":19}},"loc":{"start":{"line":44,"column":37},"end":{"line":54,"column":1}},"line":44},"3":{"name":"(anonymous_3)","decl":{"start":{"line":62,"column":17},"end":{"line":62,"column":18}},"loc":{"start":{"line":62,"column":36},"end":{"line":73,"column":1}},"line":62},"4":{"name":"(anonymous_4)","decl":{"start":{"line":81,"column":17},"end":{"line":81,"column":18}},"loc":{"start":{"line":81,"column":36},"end":{"line":96,"column":1}},"line":81}},"branchMap":{},"s":{"0":3,"1":3,"2":3,"3":3,"4":1,"5":1,"6":1,"7":1,"8":0,"9":3,"10":1,"11":1,"12":1,"13":1,"14":1,"15":0,"16":3,"17":1,"18":1,"19":1,"20":1,"21":0,"22":3,"23":0,"24":0,"25":0,"26":0,"27":0,"28":3,"29":1,"30":1,"31":1,"32":1,"33":1,"34":1,"35":0,"36":3},"f":{"0":1,"1":1,"2":1,"3":0,"4":1},"b":{},"_coverageSchema":"1a1c01bbd47fc00a2c39e90264f33305004495a9","hash":"357fac66ba26c9aced0a7990c15469224e9575a6"}
,"C:\\Users\\Sulma\\Documents\\UNIVERSIDAD 2022\\SEMESTRE 8\\Desarrollo Web\\Node\\models\\index.js": {"path":"C:\\Users\\Sulma\\Documents\\UNIVERSIDAD 2022\\SEMESTRE 8\\Desarrollo Web\\Node\\models\\index.js","statementMap":{"0":{"start":{"line":1,"column":17},"end":{"line":1,"column":38}},"1":{"start":{"line":2,"column":18},"end":{"line":2,"column":64}},"2":{"start":{"line":4,"column":14},"end":{"line":8,"column":1}},"3":{"start":{"line":10,"column":0},"end":{"line":10,"column":23}}},"fnMap":{},"branchMap":{"0":{"loc":{"start":{"line":2,"column":18},"end":{"line":2,"column":64}},"type":"cond-expr","locations":[{"start":{"line":2,"column":44},"end":{"line":2,"column":53}},{"start":{"line":2,"column":55},"end":{"line":2,"column":64}}],"line":2}},"s":{"0":3,"1":3,"2":3,"3":3},"f":{},"b":{"0":[3,0]},"_coverageSchema":"1a1c01bbd47fc00a2c39e90264f33305004495a9","hash":"b2bea0ab972db57ba412fd26dba241c52d751dc0"}
,"C:\\Users\\Sulma\\Documents\\UNIVERSIDAD 2022\\SEMESTRE 8\\Desarrollo Web\\Node\\test\\helper\\helperData.js": {"path":"C:\\Users\\Sulma\\Documents\\UNIVERSIDAD 2022\\SEMESTRE 8\\Desarrollo Web\\Node\\test\\helper\\helperData.js","statementMap":{"0":{"start":{"line":1,"column":22},"end":{"line":4,"column":3}},"1":{"start":{"line":6,"column":27},"end":{"line":11,"column":3}},"2":{"start":{"line":13,"column":34},"end":{"line":19,"column":5}},"3":{"start":{"line":21,"column":32},"end":{"line":24,"column":5}},"4":{"start":{"line":26,"column":26},"end":{"line":40,"column":3}},"5":{"start":{"line":43,"column":4},"end":{"line":49,"column":5}}},"fnMap":{},"branchMap":{},"s":{"0":2,"1":2,"2":2,"3":2,"4":2,"5":2},"f":{},"b":{},"_coverageSchema":"1a1c01bbd47fc00a2c39e90264f33305004495a9","hash":"70df76f5fa2b74c5917cc1b20bd8e1bf8b7e08de"}
,"C:\\Users\\Sulma\\Documents\\UNIVERSIDAD 2022\\SEMESTRE 8\\Desarrollo Web\\Node\\utils\\handleJWT.js": {"path":"C:\\Users\\Sulma\\Documents\\UNIVERSIDAD 2022\\SEMESTRE 8\\Desarrollo Web\\Node\\utils\\handleJWT.js","statementMap":{"0":{"start":{"line":1,"column":11},"end":{"line":1,"column":34}},"1":{"start":{"line":2,"column":19},"end":{"line":2,"column":41}},"2":{"start":{"line":3,"column":22},"end":{"line":3,"column":64}},"3":{"start":{"line":4,"column":22},"end":{"line":4,"column":37}},"4":{"start":{"line":9,"column":19},"end":{"line":20,"column":1}},"5":{"start":{"line":10,"column":18},"end":{"line":18,"column":5}},"6":{"start":{"line":19,"column":4},"end":{"line":19,"column":16}},"7":{"start":{"line":23,"column":19},"end":{"line":31,"column":1}},"8":{"start":{"line":24,"column":4},"end":{"line":29,"column":5}},"9":{"start":{"line":25,"column":8},"end":{"line":25,"column":47}},"10":{"start":{"line":28,"column":8},"end":{"line":28,"column":19}},"11":{"start":{"line":32,"column":0},"end":{"line":32,"column":39}}},"fnMap":{"0":{"name":"(anonymous_0)","decl":{"start":{"line":9,"column":19},"end":{"line":9,"column":20}},"loc":{"start":{"line":9,"column":34},"end":{"line":20,"column":1}},"line":9},"1":{"name":"(anonymous_1)","decl":{"start":{"line":23,"column":19},"end":{"line":23,"column":20}},"loc":{"start":{"line":23,"column":37},"end":{"line":31,"column":1}},"line":23}},"branchMap":{},"s":{"0":3,"1":3,"2":3,"3":3,"4":3,"5":4,"6":4,"7":3,"8":4,"9":4,"10":0,"11":3},"f":{"0":4,"1":4},"b":{},"_coverageSchema":"1a1c01bbd47fc00a2c39e90264f33305004495a9","hash":"14b3ef93e9d048f4a9f6b5d4d246fa9b6a2f56e7"}
}
